<?xml version="1.0" encoding="UTF-8"?>
<testsuite name="com.cjss.project.ProjectApplicationTests" tests="1" skipped="0" failures="0" errors="0" timestamp="2021-11-22T09:53:33" hostname="LAPTOP-UHO257UI" time="0.536">
  <properties/>
  <testcase name="contextLoads()" classname="com.cjss.project.ProjectApplicationTests" time="0.536"/>
  <system-out><![CDATA[15:23:31.012 [Test worker] DEBUG org.springframework.test.context.BootstrapUtils - Instantiating CacheAwareContextLoaderDelegate from class [org.springframework.test.context.cache.DefaultCacheAwareContextLoaderDelegate]
15:23:31.015 [Test worker] DEBUG org.springframework.test.context.BootstrapUtils - Instantiating BootstrapContext using constructor [public org.springframework.test.context.support.DefaultBootstrapContext(java.lang.Class,org.springframework.test.context.CacheAwareContextLoaderDelegate)]
15:23:31.052 [Test worker] DEBUG org.springframework.test.context.BootstrapUtils - Instantiating TestContextBootstrapper for test class [com.cjss.project.ProjectApplicationTests] from class [org.springframework.boot.test.context.SpringBootTestContextBootstrapper]
15:23:31.060 [Test worker] INFO org.springframework.boot.test.context.SpringBootTestContextBootstrapper - Neither @ContextConfiguration nor @ContextHierarchy found for test class [com.cjss.project.ProjectApplicationTests], using SpringBootContextLoader
15:23:31.060 [Test worker] DEBUG org.springframework.test.context.support.AbstractContextLoader - Did not detect default resource location for test class [com.cjss.project.ProjectApplicationTests]: class path resource [com/cjss/project/ProjectApplicationTests-context.xml] does not exist
15:23:31.060 [Test worker] DEBUG org.springframework.test.context.support.AbstractContextLoader - Did not detect default resource location for test class [com.cjss.project.ProjectApplicationTests]: class path resource [com/cjss/project/ProjectApplicationTestsContext.groovy] does not exist
15:23:31.060 [Test worker] INFO org.springframework.test.context.support.AbstractContextLoader - Could not detect default resource locations for test class [com.cjss.project.ProjectApplicationTests]: no resource found for suffixes {-context.xml, Context.groovy}.
15:23:31.068 [Test worker] INFO org.springframework.test.context.support.AnnotationConfigContextLoaderUtils - Could not detect default configuration classes for test class [com.cjss.project.ProjectApplicationTests]: ProjectApplicationTests does not declare any static, non-private, non-final, nested classes annotated with @Configuration.
15:23:31.115 [Test worker] DEBUG org.springframework.test.context.support.ActiveProfilesUtils - Could not find an 'annotation declaring class' for annotation type [org.springframework.test.context.ActiveProfiles] and class [com.cjss.project.ProjectApplicationTests]
15:23:31.190 [Test worker] DEBUG org.springframework.context.annotation.ClassPathScanningCandidateComponentProvider - Identified candidate component class: file [F:\SpringBoot\project\build\classes\java\main\com\cjss\project\ProjectApplication.class]
15:23:31.195 [Test worker] INFO org.springframework.boot.test.context.SpringBootTestContextBootstrapper - Found @SpringBootConfiguration com.cjss.project.ProjectApplication for test class com.cjss.project.ProjectApplicationTests
15:23:31.312 [Test worker] DEBUG org.springframework.boot.test.context.SpringBootTestContextBootstrapper - @TestExecutionListeners is not present for class [com.cjss.project.ProjectApplicationTests]: using defaults.
15:23:31.312 [Test worker] INFO org.springframework.boot.test.context.SpringBootTestContextBootstrapper - Loaded default TestExecutionListener class names from location [META-INF/spring.factories]: [org.springframework.boot.test.autoconfigure.restdocs.RestDocsTestExecutionListener, org.springframework.boot.test.autoconfigure.web.client.MockRestServiceServerResetTestExecutionListener, org.springframework.boot.test.autoconfigure.web.servlet.MockMvcPrintOnlyOnFailureTestExecutionListener, org.springframework.boot.test.autoconfigure.web.servlet.WebDriverTestExecutionListener, org.springframework.boot.test.autoconfigure.webservices.client.MockWebServiceServerTestExecutionListener, org.springframework.boot.test.mock.mockito.MockitoTestExecutionListener, org.springframework.boot.test.mock.mockito.ResetMocksTestExecutionListener, org.springframework.test.context.web.ServletTestExecutionListener, org.springframework.test.context.support.DirtiesContextBeforeModesTestExecutionListener, org.springframework.test.context.event.ApplicationEventsTestExecutionListener, org.springframework.test.context.support.DependencyInjectionTestExecutionListener, org.springframework.test.context.support.DirtiesContextTestExecutionListener, org.springframework.test.context.transaction.TransactionalTestExecutionListener, org.springframework.test.context.jdbc.SqlScriptsTestExecutionListener, org.springframework.test.context.event.EventPublishingTestExecutionListener]
15:23:31.335 [Test worker] DEBUG org.springframework.boot.test.context.SpringBootTestContextBootstrapper - Skipping candidate TestExecutionListener [org.springframework.test.context.transaction.TransactionalTestExecutionListener] due to a missing dependency. Specify custom listener classes or make the default listener classes and their required dependencies available. Offending class: [org/springframework/transaction/interceptor/TransactionAttributeSource]
15:23:31.335 [Test worker] DEBUG org.springframework.boot.test.context.SpringBootTestContextBootstrapper - Skipping candidate TestExecutionListener [org.springframework.test.context.jdbc.SqlScriptsTestExecutionListener] due to a missing dependency. Specify custom listener classes or make the default listener classes and their required dependencies available. Offending class: [org/springframework/transaction/interceptor/TransactionAttribute]
15:23:31.335 [Test worker] INFO org.springframework.boot.test.context.SpringBootTestContextBootstrapper - Using TestExecutionListeners: [org.springframework.test.context.web.ServletTestExecutionListener@56f6d40b, org.springframework.test.context.support.DirtiesContextBeforeModesTestExecutionListener@36676c1a, org.springframework.test.context.event.ApplicationEventsTestExecutionListener@5b408dc3, org.springframework.boot.test.mock.mockito.MockitoTestExecutionListener@4d098f9b, org.springframework.boot.test.autoconfigure.SpringBootDependencyInjectionTestExecutionListener@2dbf4cbd, org.springframework.test.context.support.DirtiesContextTestExecutionListener@20b5f2ac, org.springframework.test.context.event.EventPublishingTestExecutionListener@7fc44dec, org.springframework.boot.test.autoconfigure.restdocs.RestDocsTestExecutionListener@7e3060d8, org.springframework.boot.test.autoconfigure.web.client.MockRestServiceServerResetTestExecutionListener@293d0107, org.springframework.boot.test.autoconfigure.web.servlet.MockMvcPrintOnlyOnFailureTestExecutionListener@2692b61e, org.springframework.boot.test.autoconfigure.web.servlet.WebDriverTestExecutionListener@7b64240d, org.springframework.boot.test.autoconfigure.webservices.client.MockWebServiceServerTestExecutionListener@62fad19, org.springframework.boot.test.mock.mockito.ResetMocksTestExecutionListener@47dbb1e2]
15:23:31.390 [Test worker] DEBUG org.springframework.test.context.support.AbstractDirtiesContextTestExecutionListener - Before test class: context [DefaultTestContext@6c8bca63 testClass = ProjectApplicationTests, testInstance = [null], testMethod = [null], testException = [null], mergedContextConfiguration = [WebMergedContextConfiguration@2364305a testClass = ProjectApplicationTests, locations = '{}', classes = '{class com.cjss.project.ProjectApplication}', contextInitializerClasses = '[]', activeProfiles = '{}', propertySourceLocations = '{}', propertySourceProperties = '{org.springframework.boot.test.context.SpringBootTestContextBootstrapper=true}', contextCustomizers = set[org.springframework.boot.test.autoconfigure.actuate.metrics.MetricsExportContextCustomizerFactory$DisableMetricExportContextCustomizer@484094a5, org.springframework.boot.test.autoconfigure.properties.PropertyMappingContextCustomizer@0, org.springframework.boot.test.autoconfigure.web.servlet.WebDriverContextCustomizerFactory$Customizer@528c868, org.springframework.boot.test.context.filter.ExcludeFilterContextCustomizer@31c7528f, org.springframework.boot.test.json.DuplicateJsonObjectContextCustomizerFactory$DuplicateJsonObjectContextCustomizer@2f62ea70, org.springframework.boot.test.mock.mockito.MockitoContextCustomizer@0, org.springframework.boot.test.web.client.TestRestTemplateContextCustomizer@52c3cb31, org.springframework.boot.test.context.SpringBootTestArgs@1, org.springframework.boot.test.context.SpringBootTestWebEnvironment@26275bef], resourceBasePath = 'src/main/webapp', contextLoader = 'org.springframework.boot.test.context.SpringBootContextLoader', parent = [null]], attributes = map['org.springframework.test.context.web.ServletTestExecutionListener.activateListener' -> true]], class annotated with @DirtiesContext [false] with mode [null].
15:23:31.444 [Test worker] DEBUG org.springframework.boot.ApplicationServletEnvironment - Activating profiles []
15:23:31.444 [Test worker] DEBUG org.springframework.test.context.support.TestPropertySourceUtils - Adding inlined properties to environment: {spring.jmx.enabled=false, org.springframework.boot.test.context.SpringBootTestContextBootstrapper=true}

  .   ____          _            __ _ _
 /\\ / ___'_ __ _ _(_)_ __  __ _ \ \ \ \
( ( )\___ | '_ | '_| | '_ \/ _` | \ \ \ \
 \\/  ___)| |_)| | | | | || (_| |  ) ) ) )
  '  |____| .__|_| |_|_| |_\__, | / / / /
 =========|_|==============|___/=/_/_/_/
 :: Spring Boot ::                (v2.6.0)

2021-11-22 15:23:31.765  INFO 11688 --- [    Test worker] c.cjss.project.ProjectApplicationTests   : Starting ProjectApplicationTests using Java 16.0.2 on LAPTOP-UHO257UI with PID 11688 (started by MAHESH in F:\SpringBoot\project)
2021-11-22 15:23:31.765  INFO 11688 --- [    Test worker] c.cjss.project.ProjectApplicationTests   : No active profile set, falling back to default profiles: default
2021-11-22 15:23:33.775  INFO 11688 --- [    Test worker] c.cjss.project.ProjectApplicationTests   : Started ProjectApplicationTests in 2.321 seconds (JVM running for 3.811)
]]></system-out>
  <system-err><![CDATA[]]></system-err>
</testsuite>
